
==========================================================================================================================================

Serpent continuous-energy Monte Carlo code version 1.1.18

Input file:   pwrmox
Date:         Thu Jan 19 10:34:00 2023
Title:        MOX assembly in UOX lattice

Random seed:  1674120840

Memory allocated for DATA array:     448798648 bytes (428.01 Mb)
Memory allocated for RESULTS array:     469392 bytes (458.39 kb)
Memory allocated for ASCII array:       371766 bytes (363.05 kb)
Total allocated memory:              449639806 bytes (428.81 Mb)

==========================================================================================================================================

XS data (34 isotopes)

==========================================================================================================================================

Columns: 1 - Pointer in DATA array
         2 - Nuclide alias
         3 - Nuclide name in ace file
         4 - Nuclide ZAI
         5 - Atomic weight ratio
         6 - Temperature (K)
         7 - Options
         8 - File path

  1/ 34    11993   5010.06c   5010.06c  50100  10.01  600 8193 /codes/SERPENT/xsdata/jeff311/5010JEF311.ace
  2/ 34    12545   5011.06c   5011.06c  50110  11.01  600 8209 /codes/SERPENT/xsdata/jeff311/5011JEF311.ace
  3/ 34    15305   8016.06c   8016.06c  80160  15.99  600 8209 /codes/SERPENT/xsdata/jeff311/8016JEF311.ace
  4/ 34    15397   8016.09c   8016.09c  80160  15.99  900 8209 /codes/SERPENT/xsdata/jeff311/8016JEF311.ace
  5/ 34    40697  24000.06c  24000.06c 240000  52.00  600 8209 /codes/SERPENT/xsdata/jeff311/24000JNDL32.ace
  6/ 34    44009  26000.06c  26000.06c 260000  55.85  600 8209 /codes/SERPENT/xsdata/jeff311/26000JNDL32.ace
  7/ 34    76577  40000.06c  40000.06c 400000  91.22  600 8209 /codes/SERPENT/xsdata/jeff311/40000ENDF68.ace
  8/ 34    84397  42095.09c  42095.09c 420950  94.91  900 8209 /codes/SERPENT/xsdata/jeff311/42095JEF311.ace
  9/ 34    87709  43099.09c  43099.09c 430990  98.91  900 8209 /codes/SERPENT/xsdata/jeff311/43099JEF311.ace
 10/ 34    93781  45103.09c  45103.09c 451030 102.91  900 8209 /codes/SERPENT/xsdata/jeff311/45103JEF311.ace
 11/ 34   132421  54131.09c  54131.09c 541310 130.91  900 8209 /codes/SERPENT/xsdata/jeff311/54131JEF311.ace
 12/ 34   134629  54135.09c  54135.09c 541350 134.91  900 8193 /codes/SERPENT/xsdata/jeff311/54135JEF311.ace
 13/ 34   135733  55133.09c  55133.09c 551330 132.91  900 8209 /codes/SERPENT/xsdata/jeff311/55133JEF311.ace
 14/ 34   151741  60143.09c  60143.09c 601430 142.91  900 8209 /codes/SERPENT/xsdata/jeff311/60143JEF311.ace
 15/ 34   155605  61147.09c  61147.09c 611470 146.92  900 8209 /codes/SERPENT/xsdata/jeff311/61147JEF311.ace
 16/ 34   160573  62149.09c  62149.09c 621490 148.92  900 8209 /codes/SERPENT/xsdata/jeff311/62149JEF311.ace
 17/ 34   161125  62150.09c  62150.09c 621500 149.92  900 8193 /codes/SERPENT/xsdata/jeff311/62150JEF311.ace
 18/ 34   161677  62151.09c  62151.09c 621510 150.92  900 8209 /codes/SERPENT/xsdata/jeff311/62151JEF311.ace
 19/ 34   162229  62152.09c  62152.09c 621520 151.92  900 8209 /codes/SERPENT/xsdata/jeff311/62152JEF311.ace
 20/ 34   165541  63153.09c  63153.09c 631530 152.92  900 8209 /codes/SERPENT/xsdata/jeff311/63153JEF311.ace
 21/ 34   170509  64155.09c  64155.09c 641550 154.92  900 8193 /codes/SERPENT/xsdata/jeff311/64155JEF311.ace
 22/ 34   215773  92234.09c  92234.09c 922340 234.04  900 8217 /codes/SERPENT/xsdata/jeff311/92234JEF311.ace
 23/ 34   216325  92235.09c  92235.09c 922350 235.04  900 8217 /codes/SERPENT/xsdata/jeff311/92235JEF311.ace
 24/ 34   216877  92236.09c  92236.09c 922360 236.05  900 8217 /codes/SERPENT/xsdata/jeff311/92236JEF311.ace
 25/ 34   217981  92238.09c  92238.09c 922380 238.05  900 8217 /codes/SERPENT/xsdata/jeff311/92238JF311.ace
 26/ 34   221293  93237.09c  93237.09c 932370 237.05  900 8217 /codes/SERPENT/xsdata/jeff311/93237JEF311.ace
 27/ 34   224053  94238.09c  94238.09c 942380 238.05  900 8217 /codes/SERPENT/xsdata/jeff311/94238JEF311.ace
 28/ 34   224605  94239.09c  94239.09c 942390 239.05  900 8217 /codes/SERPENT/xsdata/jeff311/94239JEF311.ace
 29/ 34   225157  94240.09c  94240.09c 942400 240.05  900 8217 /codes/SERPENT/xsdata/jeff311/94240JEF311.ace
 30/ 34   225709  94241.09c  94241.09c 942410 241.06  900 8217 /codes/SERPENT/xsdata/jeff311/94241JEF311.ace
 31/ 34   226261  94242.09c  94242.09c 942420 242.06  900 8217 /codes/SERPENT/xsdata/jeff311/94242JEF311.ace
 32/ 34   228469  95241.09c  95241.09c 952410 241.06  900 8217 /codes/SERPENT/xsdata/jeff311/95241JEF311.ace
 33/ 34   249583   lwj3.11t   lwj3.11t  10010   1.01  574 8197 /codes/SERPENT/xsdata/jeff311/sssth1
 34/ 34   249813   1001.06c   1001.06c  10010   1.01  600 8193 /codes/SERPENT/xsdata/jeff311/1001JEF311.ace (  lwj3.11t)

==========================================================================================================================================

Material data (6 materials)

==========================================================================================================================================

Material "UO2":

-------------------------------------------------------------------
            a. weight   temp      m. frac      a. frac      a. dens
-------------------------------------------------------------------
 92235.09c  235.04415  900.0  1.25039E-02  4.55581E-03  3.00000E-04
 92236.09c  236.04556  900.0  3.34858E-03  1.21488E-03  8.00001E-05
 92238.09c  238.05078  900.0  8.44258E-01  3.03721E-01  2.00000E-02
 93237.09c  237.04816  900.0  2.98449E-04  1.07821E-04  7.10001E-06
 94238.09c  238.04998  900.0  7.17617E-05  2.58163E-05  1.70000E-06
 94239.09c  239.05198  900.0  5.08685E-03  1.82233E-03  1.20000E-04
 94240.09c  240.05378  900.0  1.61759E-03  5.77070E-04  3.80000E-05
 94241.09c  241.05680  900.0  8.97665E-04  3.18907E-04  2.10000E-05
 94242.09c  242.05841  900.0  2.27495E-04  8.04860E-05  5.30001E-06
 95241.09c  241.05680  900.0  1.79533E-05  6.37814E-06  4.20000E-07
 54131.09c  130.90555  900.0  3.24984E-04  2.12605E-04  1.40000E-05
 54135.09c  134.90692  900.0  1.91381E-07  1.21488E-07  8.00001E-09
 63153.09c  152.92168  900.0  7.59281E-05  4.25209E-05  2.80000E-06
 62149.09c  148.91728  900.0  2.37664E-06  1.36674E-06  9.00001E-08
 45103.09c  102.90551  900.0  3.28463E-04  2.73349E-04  1.80000E-05
 60143.09c  142.90765  900.0  6.33535E-04  3.79651E-04  2.50000E-05
 55133.09c  132.90574  900.0  8.24873E-04  5.31512E-04  3.50000E-05
 64155.09c  154.92287  900.0  2.30765E-08  1.27563E-08  8.40001E-10
 43099.09c   98.90627  900.0  5.61241E-04  4.85953E-04  3.20000E-05
 42095.09c   94.90589  900.0  5.38541E-04  4.85953E-04  3.20000E-05
 61147.09c  146.91508  900.0  1.66733E-04  9.71907E-05  6.40001E-06
 62150.09c  149.91686  900.0  1.99383E-04  1.13895E-04  7.50001E-06
 62151.09c  150.91645  900.0  1.09723E-05  6.22628E-06  4.10000E-07
 62152.09c  151.92008  900.0  8.62066E-05  4.85953E-05  3.20000E-06
  8016.09c   15.99492  900.0  1.27919E-01  6.84891E-01  4.51000E-02
       sum                    1.00000E+00  1.00000E+00  6.58500E-02
------------------------------------------------------
densities:                    9.36443E+00  6.58500E-02
------------------------------------------------------

Material "MOX1":

-------------------------------------------------------------------
            a. weight   temp      m. frac      a. frac      a. dens
-------------------------------------------------------------------
 92234.09c  234.04053  900.0  1.68299E-05  6.47367E-06  4.33910E-07
 92235.09c  235.04415  900.0  1.93526E-03  7.41224E-04  4.96820E-05
 92236.09c  236.04556  900.0  3.39482E-05  1.29473E-05  8.67821E-07
 92238.09c  238.05078  900.0  8.53884E-01  3.22915E-01  2.16440E-02
 94238.09c  238.04998  900.0  2.16433E-04  8.18492E-05  5.48611E-06
 94239.09c  239.05198  900.0  1.70925E-02  6.43682E-03  4.31440E-04
 94240.09c  240.05378  900.0  5.32578E-03  1.99726E-03  1.33870E-04
 94241.09c  241.05680  900.0  1.92497E-03  7.18890E-04  4.81850E-05
 94242.09c  242.05841  900.0  7.56538E-04  2.81365E-04  1.88590E-05
 95241.09c  241.05680  900.0  3.63900E-04  1.35901E-04  9.10901E-06
  8016.09c   15.99492  900.0  1.18450E-01  6.66672E-01  4.46850E-02
       sum                    1.00000E+00  1.00000E+00  6.70270E-02
------------------------------------------------------
densities:                    1.00199E+01  6.70270E-02
------------------------------------------------------

Material "MOX2":

-------------------------------------------------------------------
            a. weight   temp      m. frac      a. frac      a. dens
-------------------------------------------------------------------
 92234.09c  234.04053  900.0  1.65688E-05  6.37380E-06  4.27179E-07
 92235.09c  235.04415  900.0  1.88030E-03  7.20235E-04  4.82709E-05
 92236.09c  236.04556  900.0  3.34212E-05  1.27475E-05  8.54347E-07
 92238.09c  238.05078  900.0  8.40665E-01  3.17944E-01  2.13089E-02
 94238.09c  238.04998  900.0  3.21431E-04  1.21568E-04  8.14758E-06
 94239.09c  239.05198  900.0  2.59710E-02  9.78123E-03  6.55548E-04
 94240.09c  240.05378  900.0  8.01670E-03  3.00666E-03  2.01509E-04
 94241.09c  241.05680  900.0  2.95885E-03  1.10510E-03  7.40648E-05
 94242.09c  242.05841  900.0  1.11324E-03  4.14063E-04  2.77509E-05
 95241.09c  241.05680  900.0  5.84299E-04  2.18229E-04  1.46260E-05
  8016.09c   15.99492  900.0  1.18439E-01  6.66670E-01  4.46809E-02
       sum                    1.00000E+00  1.00000E+00  6.70210E-02
------------------------------------------------------
densities:                    1.00199E+01  6.70210E-02
------------------------------------------------------

Material "MOX3":

-------------------------------------------------------------------
            a. weight   temp      m. frac      a. frac      a. dens
-------------------------------------------------------------------
 92234.09c  234.04053  900.0  1.63576E-05  6.29311E-06  4.21752E-07
 92235.09c  235.04415  900.0  1.93845E-03  7.42579E-04  4.97662E-05
 92236.09c  236.04556  900.0  3.29955E-05  1.25862E-05  8.43503E-07
 92238.09c  238.05078  900.0  8.29902E-01  3.13902E-01  2.10371E-02
 94238.09c  238.04998  900.0  4.26646E-04  1.61375E-04  1.08150E-05
 94239.09c  239.05198  900.0  3.30794E-02  1.24595E-02  8.35013E-04
 94240.09c  240.05378  900.0  1.02628E-02  3.84943E-03  2.57981E-04
 94241.09c  241.05680  900.0  3.77227E-03  1.40903E-03  9.44303E-05
 94242.09c  242.05841  900.0  1.44859E-03  5.38842E-04  3.61121E-05
 95241.09c  241.05680  900.0  6.94053E-04  2.59245E-04  1.73741E-05
  8016.09c   15.99492  900.0  1.18427E-01  6.66659E-01  4.46782E-02
       sum                    1.00000E+00  1.00000E+00  6.70180E-02
------------------------------------------------------
densities:                    1.00204E+01  6.70180E-02
------------------------------------------------------

Material "can":

-------------------------------------------------------------------
            a. weight   temp      m. frac      a. frac      a. dens
-------------------------------------------------------------------
 40000.06c   91.21962  600.0  9.95585E-01  9.87604E-01  3.95500E-02
 26000.06c   55.84675  600.0  2.13139E-03  3.45349E-03  1.38300E-04
 24000.06c   51.99587  600.0  1.01474E-03  1.76595E-03  7.07200E-05
  8016.06c   15.99492  600.0  1.26856E-03  7.17667E-03  2.87400E-04
       sum                    1.00000E+00  1.00000E+00  4.00464E-02
------------------------------------------------------
densities:                    6.01745E+00  4.00464E-02
------------------------------------------------------

Material "water":

-------------------------------------------------------------------
            a. weight   temp      m. frac      a. frac      a. dens
-------------------------------------------------------------------
  1001.06c    1.00783  600.0  1.11853E-01  6.66462E-01  4.72402E-02  (b)
  8016.06c   15.99492  600.0  8.87595E-01  3.33231E-01  2.36201E-02
  5010.06c   10.01294  600.0  1.01648E-04  6.09607E-05  4.32102E-06
  5011.06c   11.00928  600.0  4.49792E-04  2.45338E-04  1.73901E-05
       sum                    1.00000E+00  1.00000E+00  7.08820E-02

Associated S(a,b) libraries:

  lwj3.11t    1.00783    N/A  6.66462E-01  1.11853E-01
------------------------------------------------------
densities:                    7.06813E-01  7.08820E-02
------------------------------------------------------

==========================================================================================================================================

Reaction mode fractions by nuclide

==========================================================================================================================================

Fission (total 391501 reactions):

 92234.09c  922340      0 0.00000
 92235.09c  922350 122371 0.31257
 92236.09c  922360    239 0.00061
 92238.09c  922380  28215 0.07207
 93237.09c  932370     33 0.00008
 94238.09c  942380     96 0.00025
 94239.09c  942390 206250 0.52682
 94240.09c  942400    646 0.00165
 94241.09c  942410  33508 0.08559
 94242.09c  942420     80 0.00020
 95241.09c  952410     63 0.00016

==========================================================================================================================================

Cell data (27 cells)

==========================================================================================================================================

----- Cell "100": --------------------

Universe : 100
Level    : 2
Material : ---

Inside surface 1000 (type  6 / sqc):

Parameters      :  0.00000E+00  0.00000E+00  1.07270E+01 
Neighbour cells :  100 101 

----- Cell "101": --------------------

Universe : 100
Level    : 2
Material : "water"

Outside surface 1000 (type  6 / sqc):

Parameters      :  0.00000E+00  0.00000E+00  1.07270E+01 
Neighbour cells :  101 100 

----- Cell "200": --------------------

Universe : 200
Level    : 2
Material : ---

Inside surface 2000 (type  6 / sqc):

Parameters      :  0.00000E+00  0.00000E+00  1.07270E+01 
Neighbour cells :  200 201 

----- Cell "201": --------------------

Universe : 200
Level    : 2
Material : "water"

Outside surface 2000 (type  6 / sqc):

Parameters      :  0.00000E+00  0.00000E+00  1.07270E+01 
Neighbour cells :  201 200 

----- Cell "300": --------------------

Universe : 0
Level    : 0
Material : ---

Inside surface 3000 (type  6 / sqc):

Parameters      :  0.00000E+00  0.00000E+00  2.16120E+01 
Neighbour cells :  300 301 

----- Cell "301": --------------------

Universe : 0
Level    : 0
Material : ---

Outside surface 3000 (type  6 / sqc):

Parameters      :  0.00000E+00  0.00000E+00  2.16120E+01 
Neighbour cells :  301 300 

----- Cell "nst1c1": --------------------

Universe : 1
Level    : 4
Material : "UO2"

Inside surface nst1s1 (type  1 / cyl):

Parameters      :  0.00000E+00  0.00000E+00  4.12600E-01 
Neighbour cells :  nst1c1 nst1c2 

----- Cell "nst1c2": --------------------

Universe : 1
Level    : 4
Material : "can"

Inside surface nst1s2 (type  1 / cyl):

Parameters      :  0.00000E+00  0.00000E+00  4.74000E-01 
Neighbour cells :  nst1c2 nst1c3 

Outside surface nst1s1 (type  1 / cyl):

Parameters      :  0.00000E+00  0.00000E+00  4.12600E-01 
Neighbour cells :  nst1c2 nst1c1 

----- Cell "nst1c3": --------------------

Universe : 1
Level    : 4
Material : "water"

Outside surface nst1s2 (type  1 / cyl):

Parameters      :  0.00000E+00  0.00000E+00  4.74000E-01 
Neighbour cells :  nst1c3 nst1c2 

----- Cell "nst2c1": --------------------

Universe : 2
Level    : 4
Material : "water"

Inside surface nst2s1 (type  1 / cyl):

Parameters      :  0.00000E+00  0.00000E+00  5.71000E-01 
Neighbour cells :  nst2c1 nst2c2 

----- Cell "nst2c2": --------------------

Universe : 2
Level    : 4
Material : "can"

Inside surface nst2s2 (type  1 / cyl):

Parameters      :  0.00000E+00  0.00000E+00  6.13000E-01 
Neighbour cells :  nst2c2 nst2c3 

Outside surface nst2s1 (type  1 / cyl):

Parameters      :  0.00000E+00  0.00000E+00  5.71000E-01 
Neighbour cells :  nst2c2 nst2c1 

----- Cell "nst2c3": --------------------

Universe : 2
Level    : 4
Material : "water"

Outside surface nst2s2 (type  1 / cyl):

Parameters      :  0.00000E+00  0.00000E+00  6.13000E-01 
Neighbour cells :  nst2c3 nst2c2 

----- Cell "nst3c1": --------------------

Universe : 3
Level    : 4
Material : "MOX1"

Inside surface nst3s1 (type  1 / cyl):

Parameters      :  0.00000E+00  0.00000E+00  4.12600E-01 
Neighbour cells :  nst3c1 nst3c2 

----- Cell "nst3c2": --------------------

Universe : 3
Level    : 4
Material : "can"

Inside surface nst3s2 (type  1 / cyl):

Parameters      :  0.00000E+00  0.00000E+00  4.74000E-01 
Neighbour cells :  nst3c2 nst3c3 

Outside surface nst3s1 (type  1 / cyl):

Parameters      :  0.00000E+00  0.00000E+00  4.12600E-01 
Neighbour cells :  nst3c2 nst3c1 

----- Cell "nst3c3": --------------------

Universe : 3
Level    : 4
Material : "water"

Outside surface nst3s2 (type  1 / cyl):

Parameters      :  0.00000E+00  0.00000E+00  4.74000E-01 
Neighbour cells :  nst3c3 nst3c2 

----- Cell "nst4c1": --------------------

Universe : 4
Level    : 4
Material : "MOX2"

Inside surface nst4s1 (type  1 / cyl):

Parameters      :  0.00000E+00  0.00000E+00  4.12600E-01 
Neighbour cells :  nst4c1 nst4c2 

----- Cell "nst4c2": --------------------

Universe : 4
Level    : 4
Material : "can"

Inside surface nst4s2 (type  1 / cyl):

Parameters      :  0.00000E+00  0.00000E+00  4.74000E-01 
Neighbour cells :  nst4c2 nst4c3 

Outside surface nst4s1 (type  1 / cyl):

Parameters      :  0.00000E+00  0.00000E+00  4.12600E-01 
Neighbour cells :  nst4c2 nst4c1 

----- Cell "nst4c3": --------------------

Universe : 4
Level    : 4
Material : "water"

Outside surface nst4s2 (type  1 / cyl):

Parameters      :  0.00000E+00  0.00000E+00  4.74000E-01 
Neighbour cells :  nst4c3 nst4c2 

----- Cell "nst5c1": --------------------

Universe : 5
Level    : 4
Material : "MOX3"

Inside surface nst5s1 (type  1 / cyl):

Parameters      :  0.00000E+00  0.00000E+00  4.12600E-01 
Neighbour cells :  nst5c1 nst5c2 

----- Cell "nst5c2": --------------------

Universe : 5
Level    : 4
Material : "can"

Inside surface nst5s2 (type  1 / cyl):

Parameters      :  0.00000E+00  0.00000E+00  4.74000E-01 
Neighbour cells :  nst5c2 nst5c3 

Outside surface nst5s1 (type  1 / cyl):

Parameters      :  0.00000E+00  0.00000E+00  4.12600E-01 
Neighbour cells :  nst5c2 nst5c1 

----- Cell "nst5c3": --------------------

Universe : 5
Level    : 4
Material : "water"

Outside surface nst5s2 (type  1 / cyl):

Parameters      :  0.00000E+00  0.00000E+00  4.74000E-01 
Neighbour cells :  nst5c3 nst5c2 

----- Cell "lat110c1": --------------------

Universe : 110
Level    : 3
Material : ---

Inside surface lat110s1 (type  6 / sqc):

Parameters      :  0.00000E+00  0.00000E+00  6.31000E-01 
Neighbour cells :  lat110c1 lat110c2 

----- Cell "lat110c2": --------------------

Universe : 110
Level    : 3
Material : ---

Outside surface lat110s1 (type  6 / sqc):

Parameters      :  0.00000E+00  0.00000E+00  6.31000E-01 
Neighbour cells :  lat110c2 lat110c1 

----- Cell "lat210c1": --------------------

Universe : 210
Level    : 3
Material : ---

Inside surface lat210s1 (type  6 / sqc):

Parameters      :  0.00000E+00  0.00000E+00  6.31000E-01 
Neighbour cells :  lat210c1 lat210c2 

----- Cell "lat210c2": --------------------

Universe : 210
Level    : 3
Material : ---

Outside surface lat210s1 (type  6 / sqc):

Parameters      :  0.00000E+00  0.00000E+00  6.31000E-01 
Neighbour cells :  lat210c2 lat210c1 

----- Cell "lat300c1": --------------------

Universe : 300
Level    : 1
Material : ---

Inside surface lat300s1 (type  6 / sqc):

Parameters      :  0.00000E+00  0.00000E+00  1.08060E+01 
Neighbour cells :  lat300c1 lat300c2 

----- Cell "lat300c2": --------------------

Universe : 300
Level    : 1
Material : ---

Outside surface lat300s1 (type  6 / sqc):

Parameters      :  0.00000E+00  0.00000E+00  1.08060E+01 
Neighbour cells :  lat300c2 lat300c1 

==========================================================================================================================================

Summary of geometry data

==========================================================================================================================================

List of surfaces (16):

------------------------------------------------------------------------------
 Surface |  Type | Parameters
------------------------------------------------------------------------------
    1000 |   sqc |  0.0000E+00  0.0000E+00  1.0727E+01 
    2000 |   sqc |  0.0000E+00  0.0000E+00  1.0727E+01 
    3000 |   sqc |  0.0000E+00  0.0000E+00  2.1612E+01 
  nst1s1 |   cyl |  0.0000E+00  0.0000E+00  4.1260E-01 
  nst1s2 |   cyl |  0.0000E+00  0.0000E+00  4.7400E-01 
  nst2s1 |   cyl |  0.0000E+00  0.0000E+00  5.7100E-01 
  nst2s2 |   cyl |  0.0000E+00  0.0000E+00  6.1300E-01 
  nst3s1 |   cyl |  0.0000E+00  0.0000E+00  4.1260E-01 
  nst3s2 |   cyl |  0.0000E+00  0.0000E+00  4.7400E-01 
  nst4s1 |   cyl |  0.0000E+00  0.0000E+00  4.1260E-01 
  nst4s2 |   cyl |  0.0000E+00  0.0000E+00  4.7400E-01 
  nst5s1 |   cyl |  0.0000E+00  0.0000E+00  4.1260E-01 
  nst5s2 |   cyl |  0.0000E+00  0.0000E+00  4.7400E-01 
lat110s1 |   sqc |  0.0000E+00  0.0000E+00  6.3100E-01 
lat210s1 |   sqc |  0.0000E+00  0.0000E+00  6.3100E-01 
lat300s1 |   sqc |  0.0000E+00  0.0000E+00  1.0806E+01 
------------------------------------------------------------------------------

Geometry has 16 surfaces in 27 cells at 11 universes at 5 levels:

------------------------------------------------------------------------------
Level | Universe |     Cell | Surfaces
------------------------------------------------------------------------------
    0 |        0 |      300 | -3000 
    0 |        0 |      301 |  3000 
    1 |      300 | lat300c1 | -lat300s1 
    1 |      300 | lat300c2 |  lat300s1 
    2 |      100 |      100 | -1000 
    2 |      100 |      101 |  1000 
    2 |      200 |      200 | -2000 
    2 |      200 |      201 |  2000 
    3 |      110 | lat110c1 | -lat110s1 
    3 |      110 | lat110c2 |  lat110s1 
    3 |      210 | lat210c1 | -lat210s1 
    3 |      210 | lat210c2 |  lat210s1 
    4 |        1 |   nst1c1 | -nst1s1 
    4 |        1 |   nst1c2 | -nst1s2  nst1s1 
    4 |        1 |   nst1c3 |  nst1s2 
    4 |        2 |   nst2c1 | -nst2s1 
    4 |        2 |   nst2c2 | -nst2s2  nst2s1 
    4 |        2 |   nst2c3 |  nst2s2 
    4 |        3 |   nst3c1 | -nst3s1 
    4 |        3 |   nst3c2 | -nst3s2  nst3s1 
    4 |        3 |   nst3c3 |  nst3s2 
    4 |        4 |   nst4c1 | -nst4s1 
    4 |        4 |   nst4c2 | -nst4s2  nst4s1 
    4 |        4 |   nst4c3 |  nst4s2 
    4 |        5 |   nst5c1 | -nst5s1 
    4 |        5 |   nst5c2 | -nst5s2  nst5s1 
    4 |        5 |   nst5c3 |  nst5s2 
------------------------------------------------------------------------------

List of cell neighbours:

------------------------------------------------------------------------------
Cell    | Neighbour cells 
------------------------------------------------------------------------------
100     | 100 101 
101     | 101 100 
200     | 200 201 
201     | 201 200 
300     | 300 301 
301     | 301 300 
nst1c1  | nst1c1 nst1c2 
nst1c2  | nst1c2 nst1c3 nst1c2 nst1c1 
nst1c3  | nst1c3 nst1c2 
nst2c1  | nst2c1 nst2c2 
nst2c2  | nst2c2 nst2c3 nst2c2 nst2c1 
nst2c3  | nst2c3 nst2c2 
nst3c1  | nst3c1 nst3c2 
nst3c2  | nst3c2 nst3c3 nst3c2 nst3c1 
nst3c3  | nst3c3 nst3c2 
nst4c1  | nst4c1 nst4c2 
nst4c2  | nst4c2 nst4c3 nst4c2 nst4c1 
nst4c3  | nst4c3 nst4c2 
nst5c1  | nst5c1 nst5c2 
nst5c2  | nst5c2 nst5c3 nst5c2 nst5c1 
nst5c3  | nst5c3 nst5c2 
lat110c1 | lat110c1 lat110c2 
lat110c2 | lat110c2 lat110c1 
lat210c1 | lat210c1 lat210c2 
lat210c2 | lat210c2 lat210c1 
lat300c1 | lat300c1 lat300c2 
lat300c2 | lat300c2 lat300c1 
------------------------------------------------------------------------------

==========================================================================================================================================
