
==========================================================================================================================================

Serpent continuous-energy Monte Carlo code version 1.1.18

Input file:   candu
Date:         Thu Jan 19 10:29:48 2023
Title:        CANDU

Random seed:  1674120588

Memory allocated for DATA array:     116282800 bytes (110.90 Mb)
Memory allocated for RESULTS array:     361872 bytes (353.39 kb)
Memory allocated for ASCII array:       370833 bytes (362.14 kb)
Total allocated memory:              117015505 bytes (111.59 Mb)

==========================================================================================================================================

XS data (16 isotopes)

==========================================================================================================================================

Columns: 1 - Pointer in DATA array
         2 - Nuclide alias
         3 - Nuclide name in ace file
         4 - Nuclide ZAI
         5 - Atomic weight ratio
         6 - Temperature (K)
         7 - Options
         8 - File path

  1/ 16     8712   5010.06c   5010.06c  50100  10.01  600 8193 /codes/SERPENT/xsdata/jeff311/5010JEF311.ace
  2/ 16     9264   5011.06c   5011.06c  50110  11.01  600 8209 /codes/SERPENT/xsdata/jeff311/5011JEF311.ace
  3/ 16    12024   8016.06c   8016.06c  80160  15.99  600 8209 /codes/SERPENT/xsdata/jeff311/8016JEF311.ace
  4/ 16    12116   8016.09c   8016.09c  80160  15.99  900 8209 /codes/SERPENT/xsdata/jeff311/8016JEF311.ace
  5/ 16    37416  24000.06c  24000.06c 240000  52.00  600 8209 /codes/SERPENT/xsdata/jeff311/24000JNDL32.ace
  6/ 16    40176  25055.06c  25055.06c 250550  54.94  600 8209 /codes/SERPENT/xsdata/jeff311/25055JEF311.ace
  7/ 16    45144  28000.06c  28000.06c 280000  58.69  600 8209 /codes/SERPENT/xsdata/jeff311/28000JNDL32.ace
  8/ 16    73296  40000.06c  40000.06c 400000  91.22  600 8209 /codes/SERPENT/xsdata/jeff311/40000ENDF68.ace
  9/ 16   213044  92235.09c  92235.09c 922350 235.04  900 8217 /codes/SERPENT/xsdata/jeff311/92235JEF311.ace
 10/ 16   214700  92238.09c  92238.09c 922380 238.05  900 8217 /codes/SERPENT/xsdata/jeff311/92238JF311.ace
 11/ 16   244784   hwj3.11t   hwj3.11t  10020   2.01  574 8197 /codes/SERPENT/xsdata/jeff311/sssth1
 12/ 16   246302   lwj3.11t   lwj3.11t  10010   1.01  574 8197 /codes/SERPENT/xsdata/jeff311/sssth1
 13/ 16   246532   1002.06c   1002.06c  10020   2.01  600 8209 /codes/SERPENT/xsdata/jeff311/1002JEF311.ace (  hwj3.11t)
 14/ 16   246578   1001.06c   1001.06c  10010   1.01  600 8193 /codes/SERPENT/xsdata/jeff311/1001JEF311.ace (  lwj3.11t)
 15/ 16   246624   1002.06c   1002.06c  10020   2.01  600 8209 /codes/SERPENT/xsdata/jeff311/1002JEF311.ace (  hwj3.11t)
 16/ 16   246670   1001.06c   1001.06c  10010   1.01  600 8193 /codes/SERPENT/xsdata/jeff311/1001JEF311.ace (  lwj3.11t)

==========================================================================================================================================

Material data (6 materials)

==========================================================================================================================================

Material "fuel":

-------------------------------------------------------------------
            a. weight   temp      m. frac      a. frac      a. dens
-------------------------------------------------------------------
  8016.09c   15.99492  900.0  1.18473E-01  6.66668E-01  4.65562E-02
 92235.09c  235.04415  900.0  6.27118E-03  2.40144E-03  1.67703E-04
 92238.09c  238.05078  900.0  8.75256E-01  3.30931E-01  2.31103E-02
       sum                    1.00000E+00  1.00000E+00  6.98342E-02
------------------------------------------------------
densities:                    1.04375E+01  6.98342E-02
------------------------------------------------------

Material "clad":

-------------------------------------------------------------------
            a. weight   temp      m. frac      a. frac      a. dens
-------------------------------------------------------------------
 25055.06c   54.93805  600.0  1.59936E-03  2.64965E-03  1.12902E-04
 28000.06c   58.68796  600.0  5.99758E-04  9.30129E-04  3.96330E-05
 24000.06c   51.99587  600.0  1.09956E-03  1.92471E-03  8.20122E-05
 40000.06c   91.21962  600.0  9.96698E-01  9.94469E-01  4.23746E-02
  5010.06c   10.01294  600.0  5.73859E-07  5.21626E-06  2.22266E-07
  5011.06c   11.00928  600.0  2.52488E-06  2.08736E-05  8.89431E-07
       sum                    1.00000E+00  1.00000E+00  4.26102E-02
------------------------------------------------------
densities:                    6.44000E+00  4.26102E-02
------------------------------------------------------

Material "tube":

-------------------------------------------------------------------
            a. weight   temp      m. frac      a. frac      a. dens
-------------------------------------------------------------------
 40000.06c   91.21962  600.0  9.99998E-01  9.99982E-01  4.33731E-02
  5010.06c   10.01294  600.0  3.98861E-07  3.63363E-06  1.57605E-07
  5011.06c   11.00928  600.0  1.75497E-06  1.45409E-05  6.30696E-07
       sum                    1.00000E+00  1.00000E+00  4.33738E-02
------------------------------------------------------
densities:                    6.57000E+00  4.33738E-02
------------------------------------------------------

Material "caltube":

-------------------------------------------------------------------
            a. weight   temp      m. frac      a. frac      a. dens
-------------------------------------------------------------------
 25055.06c   54.93805  600.0  1.59936E-03  2.64965E-03  1.12902E-04
 28000.06c   58.68796  600.0  5.99758E-04  9.30129E-04  3.96330E-05
 24000.06c   51.99587  600.0  1.09956E-03  1.92471E-03  8.20122E-05
 40000.06c   91.21962  600.0  9.96698E-01  9.94469E-01  4.23746E-02
  5010.06c   10.01294  600.0  5.73859E-07  5.21626E-06  2.22266E-07
  5011.06c   11.00928  600.0  2.52488E-06  2.08736E-05  8.89431E-07
       sum                    1.00000E+00  1.00000E+00  4.26102E-02
------------------------------------------------------
densities:                    6.44000E+00  4.26102E-02
------------------------------------------------------

Material "cool":

-------------------------------------------------------------------
            a. weight   temp      m. frac      a. frac      a. dens
-------------------------------------------------------------------
  8016.06c   15.99492  600.0  7.99448E-01  3.33335E-01  2.44440E-02
  1002.06c    2.01410  600.0  1.99768E-01  6.61479E-01  4.85074E-02  (b)
  1001.06c    1.00783  600.0  7.83773E-04  5.18652E-03  3.80337E-04  (b)
       sum                    1.00000E+00  1.00000E+00  7.33318E-02

Associated S(a,b) libraries:

  lwj3.11t    1.00783    N/A  5.18652E-03  7.83773E-04
  hwj3.11t    2.01410    N/A  6.61479E-01  1.99768E-01
------------------------------------------------------
densities:                    8.12120E-01  7.33318E-02
------------------------------------------------------

Material "moder":

-------------------------------------------------------------------
            a. weight   temp      m. frac      a. frac      a. dens
-------------------------------------------------------------------
  8016.06c   15.99492  600.0  7.98895E-01  3.33334E-01  3.25712E-02
  1002.06c    2.01410  600.0  2.01016E-01  6.66072E-01  6.50841E-02  (b)
  1001.06c    1.00783  600.0  8.95999E-05  5.93327E-04  5.79759E-05  (b)
       sum                    1.00000E+00  1.00000E+00  9.77133E-02

Associated S(a,b) libraries:

  lwj3.11t    1.00783    N/A  5.93327E-04  8.95999E-05
  hwj3.11t    2.01410    N/A  6.66072E-01  2.01016E-01
------------------------------------------------------
densities:                    1.08289E+00  9.77133E-02
------------------------------------------------------

==========================================================================================================================================

Reaction mode fractions by nuclide

==========================================================================================================================================

Fission (total 374396 reactions):

 92235.09c  922350 350359 0.93580
 92238.09c  922380  24037 0.06420

==========================================================================================================================================

Cell data (11 cells)

==========================================================================================================================================

----- Cell "1": --------------------

Universe : 0
Level    : 0
Material : ---

Inside surface 1 (type  1 / cyl):

Parameters      :  0.00000E+00  0.00000E+00  5.16890E+00 
Neighbour cells :  1 2 

----- Cell "2": --------------------

Universe : 0
Level    : 0
Material : "tube"

Outside surface 1 (type  1 / cyl):

Parameters      :  0.00000E+00  0.00000E+00  5.16890E+00 
Neighbour cells :  2 1 

Inside surface 2 (type  1 / cyl):

Parameters      :  0.00000E+00  0.00000E+00  5.60320E+00 
Neighbour cells :  2 3 

----- Cell "3": --------------------

Universe : 0
Level    : 0
Material : ---

Outside surface 2 (type  1 / cyl):

Parameters      :  0.00000E+00  0.00000E+00  5.60320E+00 
Neighbour cells :  3 2 

Inside surface 3 (type  1 / cyl):

Parameters      :  0.00000E+00  0.00000E+00  6.44780E+00 
Neighbour cells :  3 4 

----- Cell "4": --------------------

Universe : 0
Level    : 0
Material : "caltube"

Outside surface 3 (type  1 / cyl):

Parameters      :  0.00000E+00  0.00000E+00  6.44780E+00 
Neighbour cells :  4 3 

Inside surface 4 (type  1 / cyl):

Parameters      :  0.00000E+00  0.00000E+00  6.58750E+00 
Neighbour cells :  4 5 

----- Cell "5": --------------------

Universe : 0
Level    : 0
Material : "moder"

Outside surface 4 (type  1 / cyl):

Parameters      :  0.00000E+00  0.00000E+00  6.58750E+00 
Neighbour cells :  5 4 

Inside surface 5 (type  6 / sqc):

Parameters      :  0.00000E+00  0.00000E+00  9.09570E+00 
Neighbour cells :  5 6 

----- Cell "6": --------------------

Universe : 0
Level    : 0
Material : ---

Outside surface 5 (type  6 / sqc):

Parameters      :  0.00000E+00  0.00000E+00  9.09570E+00 
Neighbour cells :  6 5 

----- Cell "nst1c1": --------------------

Universe : 1
Level    : 2
Material : "fuel"

Inside surface nst1s1 (type  1 / cyl):

Parameters      :  0.00000E+00  0.00000E+00  6.12200E-01 
Neighbour cells :  nst1c1 nst1c2 

----- Cell "nst1c2": --------------------

Universe : 1
Level    : 2
Material : "clad"

Inside surface nst1s2 (type  1 / cyl):

Parameters      :  0.00000E+00  0.00000E+00  6.54000E-01 
Neighbour cells :  nst1c2 nst1c3 

Outside surface nst1s1 (type  1 / cyl):

Parameters      :  0.00000E+00  0.00000E+00  6.12200E-01 
Neighbour cells :  nst1c2 nst1c1 

----- Cell "nst1c3": --------------------

Universe : 1
Level    : 2
Material : "cool"

Outside surface nst1s2 (type  1 / cyl):

Parameters      :  0.00000E+00  0.00000E+00  6.54000E-01 
Neighbour cells :  nst1c3 nst1c2 

----- Cell "lat10c1": --------------------

Universe : 10
Level    : 1
Material : ---

Inside surface lat10s1 (type 11 / pad):

Parameters      :  7.44234E-01 -2.77752E+00  2.18200E+00  3.60300E+00 -9.00000E+01 -1.20000E+02 
Neighbour cells :  lat10c1 lat10c2 

----- Cell "lat10c2": --------------------

Universe : 10
Level    : 1
Material : ---

Outside surface lat10s1 (type 11 / pad):

Parameters      :  7.44234E-01 -2.77752E+00  2.18200E+00  3.60300E+00 -9.00000E+01 -1.20000E+02 
Neighbour cells :  lat10c2 lat10c1 

==========================================================================================================================================

Summary of geometry data

==========================================================================================================================================

List of surfaces (8):

------------------------------------------------------------------------------
 Surface |  Type | Parameters
------------------------------------------------------------------------------
       1 |   cyl |  0.0000E+00  0.0000E+00  5.1689E+00 
       2 |   cyl |  0.0000E+00  0.0000E+00  5.6032E+00 
       3 |   cyl |  0.0000E+00  0.0000E+00  6.4478E+00 
       4 |   cyl |  0.0000E+00  0.0000E+00  6.5875E+00 
       5 |   sqc |  0.0000E+00  0.0000E+00  9.0957E+00 
  nst1s1 |   cyl |  0.0000E+00  0.0000E+00  6.1220E-01 
  nst1s2 |   cyl |  0.0000E+00  0.0000E+00  6.5400E-01 
 lat10s1 |   pad |  7.4423E-01 -2.7775E+00  2.1820E+00  3.6030E+00 -9.0000E+01 -1.2000E+02 
------------------------------------------------------------------------------

Geometry has 8 surfaces in 11 cells at 3 universes at 3 levels:

------------------------------------------------------------------------------
Level | Universe |     Cell | Surfaces
------------------------------------------------------------------------------
    0 |        0 |        5 |  4 -5 
    0 |        0 |        1 | -1 
    0 |        0 |        6 |  5 
    0 |        0 |        2 |  1 -2 
    0 |        0 |        3 |  2 -3 
    0 |        0 |        4 |  3 -4 
    1 |       10 |  lat10c1 | -lat10s1 
    1 |       10 |  lat10c2 |  lat10s1 
    2 |        1 |   nst1c1 | -nst1s1 
    2 |        1 |   nst1c2 | -nst1s2  nst1s1 
    2 |        1 |   nst1c3 |  nst1s2 
------------------------------------------------------------------------------

List of cell neighbours:

------------------------------------------------------------------------------
Cell    | Neighbour cells 
------------------------------------------------------------------------------
1       | 1 2 
2       | 2 1 2 3 
3       | 3 2 3 4 
4       | 4 3 4 5 
5       | 5 4 5 6 
6       | 6 5 
nst1c1  | nst1c1 nst1c2 
nst1c2  | nst1c2 nst1c3 nst1c2 nst1c1 
nst1c3  | nst1c3 nst1c2 
lat10c1 | lat10c1 lat10c2 
lat10c2 | lat10c2 lat10c1 
------------------------------------------------------------------------------

==========================================================================================================================================
